[debug] [2019-07-01T00:08:11.929Z] ----------------------------------------------------------------------
[debug] [2019-07-01T00:08:11.931Z] Command:       /usr/local/bin/node /usr/local/bin/firebase deploy
[debug] [2019-07-01T00:08:11.931Z] CLI Version:   6.8.0
[debug] [2019-07-01T00:08:11.931Z] Platform:      darwin
[debug] [2019-07-01T00:08:11.931Z] Node Version:  v8.11.3
[debug] [2019-07-01T00:08:11.932Z] Time:          Sun Jun 30 2019 18:08:11 GMT-0600 (MDT)
[debug] [2019-07-01T00:08:11.932Z] ----------------------------------------------------------------------
[debug] 
[debug] [2019-07-01T00:08:11.942Z] > command requires scopes: ["email","openid","https://www.googleapis.com/auth/cloudplatformprojects.readonly","https://www.googleapis.com/auth/firebase","https://www.googleapis.com/auth/cloud-platform"]
[debug] [2019-07-01T00:08:11.942Z] > authorizing via signed-in user
[debug] [2019-07-01T00:08:11.942Z] [iam] checking project pfa-joshua for permissions ["firebase.projects.get","firebasehosting.sites.update"]
[debug] [2019-07-01T00:08:11.944Z] >>> HTTP REQUEST POST https://cloudresourcemanager.googleapis.com/v1/projects/pfa-joshua:testIamPermissions  

[debug] [2019-07-01T00:08:13.301Z] <<< HTTP RESPONSE 200
[debug] [2019-07-01T00:08:13.302Z] >>> HTTP REQUEST GET https://firebase.googleapis.com/v1beta1/projects/pfa-joshua  
 
[debug] [2019-07-01T00:08:13.824Z] <<< HTTP RESPONSE 200
[info] 
[info] === Deploying to 'pfa-joshua'...
[info] 
[info] i  deploying hosting
[debug] [2019-07-01T00:08:13.829Z] >>> HTTP REQUEST POST https://firebasehosting.googleapis.com/v1beta1/sites/pfa-joshua/versions  

[debug] [2019-07-01T00:08:14.944Z] <<< HTTP RESPONSE 200
[info] i  hosting[pfa-joshua]: beginning deploy...
[info] i  hosting[pfa-joshua]: found 25 files in dist
[debug] [2019-07-01T00:08:14.962Z] [hosting] hash cache [ZGlzdA] load error: lines is not defined
[debug] [2019-07-01T00:08:15.103Z] [hosting] hash cache [ZGlzdA] stored for 25 files
[debug] [2019-07-01T00:08:15.103Z] [hosting][hash queue][FINAL]
[debug] [2019-07-01T00:08:15.103Z] >>> HTTP REQUEST POST https://firebasehosting.googleapis.com/v1beta1/sites/pfa-joshua/versions/1109433b16de57f0:populateFiles  
 <request body omitted>
[debug] [2019-07-01T00:08:19.453Z] <<< HTTP RESPONSE 200
[debug] [2019-07-01T00:08:19.460Z] [hosting][populate queue][FINAL]
[debug] [2019-07-01T00:08:19.460Z] [hosting] uploads queued: 10
[debug] [2019-07-01T00:08:21.455Z] [hosting][upload queue][FINAL]
[info] ✔  hosting[pfa-joshua]: file upload complete
[debug] [2019-07-01T00:08:21.456Z] [hosting] deploy completed after 6511ms
